<?xml version="1.0" encoding="UTF-8" ?>
<testsuite failures="0" time="0.003" errors="0" skipped="0" tests="0" name="it.jhack.kindle.kindleTouchJenkinsMonitor.TestMain">
  <properties>
    <property name="java.runtime.name" value="Java(TM) SE Runtime Environment"/>
    <property name="sun.boot.library.path" value="/System/Library/Java/JavaVirtualMachines/1.6.0.jdk/Contents/Libraries"/>
    <property name="java.vm.version" value="20.6-b01-415"/>
    <property name="awt.nativeDoubleBuffering" value="true"/>
    <property name="gopherProxySet" value="false"/>
    <property name="mrj.build" value="10M3646"/>
    <property name="java.vm.vendor" value="Apple Inc."/>
    <property name="java.vendor.url" value="http://www.apple.com/"/>
    <property name="path.separator" value=":"/>
    <property name="java.vm.name" value="Java HotSpot(TM) Client VM"/>
    <property name="file.encoding.pkg" value="sun.io"/>
    <property name="user.country" value="US"/>
    <property name="sun.java.launcher" value="SUN_STANDARD"/>
    <property name="sun.os.patch.level" value="unknown"/>
    <property name="java.vm.specification.name" value="Java Virtual Machine Specification"/>
    <property name="user.dir" value="/Users/JhacK/git/jGit/kindleTouchJenkinsMonitor"/>
    <property name="java.runtime.version" value="1.6.0_31-b04-415-10M3646"/>
    <property name="java.awt.graphicsenv" value="apple.awt.CGraphicsEnvironment"/>
    <property name="basedir" value="/Users/JhacK/git/jGit/kindleTouchJenkinsMonitor"/>
    <property name="java.endorsed.dirs" value="/System/Library/Java/JavaVirtualMachines/1.6.0.jdk/Contents/Home/lib/endorsed"/>
    <property name="os.arch" value="i386"/>
    <property name="surefire.real.class.path" value="/Users/JhacK/git/jGit/kindleTouchJenkinsMonitor/target/surefire/surefirebooter1006663840566220761.jar"/>
    <property name="java.io.tmpdir" value="/var/folders/Eb/EbO16qG8E8y6dn7wf+42fk+++TI/-Tmp-/"/>
    <property name="line.separator" value="
"/>
    <property name="java.vm.specification.vendor" value="Sun Microsystems Inc."/>
    <property name="os.name" value="Mac OS X"/>
    <property name="sun.jnu.encoding" value="MacRoman"/>
    <property name="java.library.path" value=".:/Library/Java/Extensions:/System/Library/Java/Extensions:/usr/lib/java"/>
    <property name="surefire.test.class.path" value="/Users/JhacK/git/jGit/kindleTouchJenkinsMonitor/target/test-classes:/Users/JhacK/git/jGit/kindleTouchJenkinsMonitor/target/classes:/Users/JhacK/git/jGit/kindleTouchJenkinsMonitor/lib/Kindlet-2.1.jar:/Users/JhacK/git/jGit/kindleTouchJenkinsMonitor/lib/KindletImplementation-2.1.jar:/Users/JhacK/git/jGit/kindleTouchJenkinsMonitor/lib/KindleDeviceServicesAbstraction-2.1.jar:/Users/JhacK/git/jGit/kindleTouchJenkinsMonitor/lib/KindleDeviceServicesJuno-2.1.jar:/Users/JhacK/git/jGit/kindleTouchJenkinsMonitor/lib/KindletBookletDRM-2.1.jar:/Users/JhacK/git/jGit/kindleTouchJenkinsMonitor/lib/xercesImpl.jar:/Users/JhacK/git/jGit/kindleTouchJenkinsMonitor/lib/xml-apis.jar:/Users/JhacK/.m2/repository/junit/junit/3.8.1/junit-3.8.1.jar:"/>
    <property name="java.specification.name" value="Java Platform API Specification"/>
    <property name="java.class.version" value="50.0"/>
    <property name="sun.management.compiler" value="HotSpot Client Compiler"/>
    <property name="os.version" value="10.6.8"/>
    <property name="http.nonProxyHosts" value="localhost|*.localhost|127.0.0.1"/>
    <property name="user.home" value="/Users/JhacK"/>
    <property name="user.timezone" value=""/>
    <property name="java.awt.printerjob" value="apple.awt.CPrinterJob"/>
    <property name="java.specification.version" value="1.6"/>
    <property name="file.encoding" value="MacRoman"/>
    <property name="user.name" value="JhacK"/>
    <property name="java.class.path" value="/Users/JhacK/git/jGit/kindleTouchJenkinsMonitor/target/test-classes:/Users/JhacK/git/jGit/kindleTouchJenkinsMonitor/target/classes:/Users/JhacK/git/jGit/kindleTouchJenkinsMonitor/lib/Kindlet-2.1.jar:/Users/JhacK/git/jGit/kindleTouchJenkinsMonitor/lib/KindletImplementation-2.1.jar:/Users/JhacK/git/jGit/kindleTouchJenkinsMonitor/lib/KindleDeviceServicesAbstraction-2.1.jar:/Users/JhacK/git/jGit/kindleTouchJenkinsMonitor/lib/KindleDeviceServicesJuno-2.1.jar:/Users/JhacK/git/jGit/kindleTouchJenkinsMonitor/lib/KindletBookletDRM-2.1.jar:/Users/JhacK/git/jGit/kindleTouchJenkinsMonitor/lib/xercesImpl.jar:/Users/JhacK/git/jGit/kindleTouchJenkinsMonitor/lib/xml-apis.jar:/Users/JhacK/.m2/repository/junit/junit/3.8.1/junit-3.8.1.jar:"/>
    <property name="java.vm.specification.version" value="1.0"/>
    <property name="sun.arch.data.model" value="32"/>
    <property name="java.home" value="/System/Library/Java/JavaVirtualMachines/1.6.0.jdk/Contents/Home"/>
    <property name="sun.java.command" value="/Users/JhacK/git/jGit/kindleTouchJenkinsMonitor/target/surefire/surefirebooter1006663840566220761.jar /Users/JhacK/git/jGit/kindleTouchJenkinsMonitor/target/surefire/surefire5984896438382439420tmp /Users/JhacK/git/jGit/kindleTouchJenkinsMonitor/target/surefire/surefire6070335435669494607tmp"/>
    <property name="java.specification.vendor" value="Sun Microsystems Inc."/>
    <property name="user.language" value="en"/>
    <property name="awt.toolkit" value="apple.awt.CToolkit"/>
    <property name="java.vm.info" value="mixed mode"/>
    <property name="java.version" value="1.6.0_31"/>
    <property name="java.ext.dirs" value="/Library/Java/Extensions:/System/Library/Java/Extensions:/System/Library/Java/JavaVirtualMachines/1.6.0.jdk/Contents/Home/lib/ext"/>
    <property name="sun.boot.class.path" value="/System/Library/Java/JavaVirtualMachines/1.6.0.jdk/Contents/Classes/jsfd.jar:/System/Library/Java/JavaVirtualMachines/1.6.0.jdk/Contents/Classes/classes.jar:/System/Library/Frameworks/JavaVM.framework/Frameworks/JavaRuntimeSupport.framework/Resources/Java/JavaRuntimeSupport.jar:/System/Library/Java/JavaVirtualMachines/1.6.0.jdk/Contents/Classes/ui.jar:/System/Library/Java/JavaVirtualMachines/1.6.0.jdk/Contents/Classes/laf.jar:/System/Library/Java/JavaVirtualMachines/1.6.0.jdk/Contents/Classes/sunrsasign.jar:/System/Library/Java/JavaVirtualMachines/1.6.0.jdk/Contents/Classes/jsse.jar:/System/Library/Java/JavaVirtualMachines/1.6.0.jdk/Contents/Classes/jce.jar:/System/Library/Java/JavaVirtualMachines/1.6.0.jdk/Contents/Classes/charsets.jar"/>
    <property name="java.vendor" value="Apple Inc."/>
    <property name="localRepository" value="/Users/JhacK/.m2/repository"/>
    <property name="file.separator" value="/"/>
    <property name="java.vendor.url.bug" value="http://bugreport.apple.com/"/>
    <property name="sun.cpu.endian" value="little"/>
    <property name="sun.io.unicode.encoding" value="UnicodeLittle"/>
    <property name="mrj.version" value="1060.1.6.0_31-415"/>
    <property name="socksNonProxyHosts" value="localhost|*.localhost|127.0.0.1"/>
    <property name="ftp.nonProxyHosts" value="localhost|*.localhost|127.0.0.1"/>
    <property name="sun.cpu.isalist" value=""/>
  </properties>
</testsuite>